[debug] [2025-05-05T13:45:43.194Z] ----------------------------------------------------------------------
[debug] [2025-05-05T13:45:43.201Z] Command:       C:\Program Files\nodejs\node.exe C:\Users\pragn\AppData\Roaming\npm\node_modules\firebase-tools\lib\bin\firebase.js deploy --except functions
[debug] [2025-05-05T13:45:43.201Z] CLI Version:   13.11.2
[debug] [2025-05-05T13:45:43.202Z] Platform:      win32
[debug] [2025-05-05T13:45:43.202Z] Node Version:  v22.11.0
[debug] [2025-05-05T13:45:43.202Z] Time:          Mon May 05 2025 19:15:43 GMT+0530 (India Standard Time)
[debug] [2025-05-05T13:45:43.202Z] ----------------------------------------------------------------------
[debug] 
[debug] [2025-05-05T13:45:43.205Z] >>> [apiv2][query] GET https://firebase-public.firebaseio.com/cli.json [none]
[debug] [2025-05-05T13:45:43.333Z] > command requires scopes: ["email","openid","https://www.googleapis.com/auth/cloudplatformprojects.readonly","https://www.googleapis.com/auth/firebase","https://www.googleapis.com/auth/cloud-platform"]
[debug] [2025-05-05T13:45:43.333Z] > authorizing via signed-in user (pragneshmali99@gmail.com)
[debug] [2025-05-05T13:45:43.333Z] [iam] checking project mlz-saral for permissions ["firebase.projects.get","firebasehosting.sites.update"]
[debug] [2025-05-05T13:45:43.334Z] > refreshing access token with scopes: []
[debug] [2025-05-05T13:45:43.335Z] >>> [apiv2][query] POST https://www.googleapis.com/oauth2/v3/token [none]
[debug] [2025-05-05T13:45:43.335Z] >>> [apiv2][body] POST https://www.googleapis.com/oauth2/v3/token [omitted]
[debug] [2025-05-05T13:45:43.612Z] <<< [apiv2][status] POST https://www.googleapis.com/oauth2/v3/token 200
[debug] [2025-05-05T13:45:43.612Z] <<< [apiv2][body] POST https://www.googleapis.com/oauth2/v3/token [omitted]
[debug] [2025-05-05T13:45:43.619Z] >>> [apiv2][query] POST https://cloudresourcemanager.googleapis.com/v1/projects/mlz-saral:testIamPermissions [none]
[debug] [2025-05-05T13:45:43.619Z] >>> [apiv2][(partial)header] POST https://cloudresourcemanager.googleapis.com/v1/projects/mlz-saral:testIamPermissions x-goog-quota-user=projects/mlz-saral
[debug] [2025-05-05T13:45:43.619Z] >>> [apiv2][body] POST https://cloudresourcemanager.googleapis.com/v1/projects/mlz-saral:testIamPermissions {"permissions":["firebase.projects.get","firebasehosting.sites.update"]}
[debug] [2025-05-05T13:45:43.954Z] <<< [apiv2][status] GET https://firebase-public.firebaseio.com/cli.json 200
[debug] [2025-05-05T13:45:43.954Z] <<< [apiv2][body] GET https://firebase-public.firebaseio.com/cli.json {"cloudBuildErrorAfter":1594252800000,"cloudBuildWarnAfter":1590019200000,"defaultNode10After":1594252800000,"minVersion":"3.0.5","node8DeploysDisabledAfter":1613390400000,"node8RuntimeDisabledAfter":1615809600000,"node8WarnAfter":1600128000000}
[debug] [2025-05-05T13:45:45.220Z] <<< [apiv2][status] POST https://cloudresourcemanager.googleapis.com/v1/projects/mlz-saral:testIamPermissions 200
[debug] [2025-05-05T13:45:45.220Z] <<< [apiv2][body] POST https://cloudresourcemanager.googleapis.com/v1/projects/mlz-saral:testIamPermissions {}
[debug] [2025-05-05T13:45:45.220Z] [iam] error while checking permissions, command may fail: FirebaseError: Authorization failed. This account is missing the following required permissions on project mlz-saral:

  firebase.projects.get
  firebasehosting.sites.update
[debug] [2025-05-05T13:45:45.221Z] >>> [apiv2][query] GET https://firebase.googleapis.com/v1beta1/projects/mlz-saral [none]
[debug] [2025-05-05T13:45:45.726Z] <<< [apiv2][status] GET https://firebase.googleapis.com/v1beta1/projects/mlz-saral 403
[debug] [2025-05-05T13:45:45.726Z] <<< [apiv2][body] GET https://firebase.googleapis.com/v1beta1/projects/mlz-saral {"error":{"code":403,"message":"The caller does not have permission","status":"PERMISSION_DENIED"}}
[debug] [2025-05-05T13:45:45.727Z] HTTP Error: 403, The caller does not have permission
[error] 
[error] Error: Assertion failed: resolving hosting target of a site with no site name or target name. This should have caused an error earlier
